-------------------------------------------------------------------------------
Test set: ua.com.foxminded.IntegerDivisionTest
-------------------------------------------------------------------------------
Tests run: 1, Failures: 1, Errors: 0, Skipped: 0, Time elapsed: 0.016 s <<< FAILURE! - in ua.com.foxminded.IntegerDivisionTest
selectDivided  Time elapsed: 0.013 s  <<< FAILURE!
org.opentest4j.AssertionFailedError: expected: <54> but was: <0>
	at ua.com.foxminded.IntegerDivisionTest.selectDivided(IntegerDivisionTest.java:19)

